<?xml version="1.0" encoding="UTF-8"?>
<!-- Generated by org.testng.reporters.JUnitXMLReporter -->
<testsuite hostname="TH1972" ignored="0" name="Test" tests="6" failures="0" timestamp="2019-03-10T17:30:04 IST" time="0.048" errors="0">
  <testcase name="APIiTest" time="0.006" classname="TestCases.APITest"/>
  <testcase name="ELEMENTTest" time="0.0" classname="TestCases.APITest"/>
  <testcase name="DELETETWITTERTest" time="0.0" classname="TestCases.RestassuresdTest"/>
  <testcase name="RestassureTest" time="0.0" classname="TestCases.RestassuresdTest"/>
  <testcase name="IOSTest" time="0.0" classname="TestCases.SeleniumTest"/>
  <testcase name="SeleniuumTest" time="0.0" classname="TestCases.SeleniumTest"/>
</testsuite> <!-- Test -->
