<?xml version="1.0" encoding="UTF-8"?>
<testng-results skipped="0" failed="0" ignored="0" total="6" passed="6">
  <reporter-output>
  </reporter-output>
  <suite name="Suite" duration-ms="48" started-at="2019-03-10T17:30:04 IST" finished-at="2019-03-10T17:30:04 IST">
    <groups>
    </groups>
    <test name="Test" duration-ms="48" started-at="2019-03-10T17:30:04 IST" finished-at="2019-03-10T17:30:04 IST">
      <class name="TestCases.SeleniumTest">
        <test-method status="PASS" signature="IOSTest()[pri:0, instance:TestCases.SeleniumTest@548e7350]" name="IOSTest" duration-ms="0" started-at="2019-03-10T17:30:04 IST" finished-at="2019-03-10T17:30:04 IST">
          <reporter-output>
          </reporter-output>
        </test-method> <!-- IOSTest -->
        <test-method status="PASS" signature="SeleniuumTest()[pri:0, instance:TestCases.SeleniumTest@548e7350]" name="SeleniuumTest" duration-ms="0" started-at="2019-03-10T17:30:04 IST" finished-at="2019-03-10T17:30:04 IST">
          <reporter-output>
          </reporter-output>
        </test-method> <!-- SeleniuumTest -->
      </class> <!-- TestCases.SeleniumTest -->
      <class name="TestCases.APITest">
        <test-method status="PASS" signature="APIiTest()[pri:0, instance:TestCases.APITest@53b32d7]" name="APIiTest" duration-ms="6" started-at="2019-03-10T17:30:04 IST" finished-at="2019-03-10T17:30:04 IST">
          <reporter-output>
          </reporter-output>
        </test-method> <!-- APIiTest -->
        <test-method status="PASS" signature="ELEMENTTest()[pri:0, instance:TestCases.APITest@53b32d7]" name="ELEMENTTest" duration-ms="0" started-at="2019-03-10T17:30:04 IST" finished-at="2019-03-10T17:30:04 IST">
          <reporter-output>
          </reporter-output>
        </test-method> <!-- ELEMENTTest -->
      </class> <!-- TestCases.APITest -->
      <class name="TestCases.RestassuresdTest">
        <test-method status="PASS" signature="DELETETWITTERTest()[pri:0, instance:TestCases.RestassuresdTest@5442a311]" name="DELETETWITTERTest" duration-ms="0" started-at="2019-03-10T17:30:04 IST" finished-at="2019-03-10T17:30:04 IST">
          <reporter-output>
          </reporter-output>
        </test-method> <!-- DELETETWITTERTest -->
        <test-method status="PASS" signature="RestassureTest()[pri:0, instance:TestCases.RestassuresdTest@5442a311]" name="RestassureTest" duration-ms="0" started-at="2019-03-10T17:30:04 IST" finished-at="2019-03-10T17:30:04 IST">
          <reporter-output>
          </reporter-output>
        </test-method> <!-- RestassureTest -->
      </class> <!-- TestCases.RestassuresdTest -->
    </test> <!-- Test -->
  </suite> <!-- Suite -->
</testng-results>
